2020-07-27 20:44:07 INFO  TestNGEngineForDesiredSuites:51 - INFO: The value found with Environment variable Falcon is: Falcon
2020-07-27 20:44:07 INFO  TestNGEngineForDesiredSuites:51 - INFO: The value found with Environment Module variable sample is: sample
2020-07-27 20:44:07 INFO  TestNGEngineForDesiredSuites:51 - The value found with Environment variable WIN_7_chrome_53 is: WIN_7_chrome_53
2020-07-27 20:44:11 DEBUG SimpleXMLErrorHandler:40 - Fatal Error in Parsing XML Doucment. XML is not well formed: The markup declarations contained or pointed to by the document type declaration must be well-formed.
2020-07-28 19:46:47 INFO  TestNGEngineForDesiredSuites:51 - INFO: The value found with Environment variable Falcon is: Falcon
2020-07-28 19:46:47 INFO  TestNGEngineForDesiredSuites:51 - INFO: The value found with Environment Module variable sample is: sample
2020-07-28 19:46:47 INFO  TestNGEngineForDesiredSuites:51 - The value found with Environment variable WIN_7_chrome_53 is: WIN_7_chrome_53
2020-07-28 19:56:20 INFO  TestNGEngineForDesiredSuites:51 - INFO: The value found with Environment variable Falcon is: Falcon
2020-07-28 19:56:20 INFO  TestNGEngineForDesiredSuites:51 - INFO: The value found with Environment Module variable sample is: sample
2020-07-28 19:56:20 INFO  TestNGEngineForDesiredSuites:51 - The value found with Environment variable WIN_10_chrome_84 is: WIN_10_chrome_84
2020-07-28 19:56:21 DEBUG SimpleXMLErrorHandler:40 - Fatal Error in Parsing XML Doucment. XML is not well formed: The markup declarations contained or pointed to by the document type declaration must be well-formed.
2020-07-28 20:01:33 INFO  TestNGEngineForDesiredSuites:51 - INFO: The value found with Environment variable Falcon is: Falcon
2020-07-28 20:01:33 INFO  TestNGEngineForDesiredSuites:51 - INFO: The value found with Environment Module variable sample is: sample
2020-07-28 20:01:33 INFO  TestNGEngineForDesiredSuites:51 - The value found with Environment variable WIN_10_chrome_84 is: WIN_10_chrome_84
2020-07-28 20:01:34 DEBUG SimpleXMLErrorHandler:40 - Fatal Error in Parsing XML Doucment. XML is not well formed: The markup declarations contained or pointed to by the document type declaration must be well-formed.
2020-07-28 20:03:53 INFO  TestNGEngineForDesiredSuites:51 - INFO: The value found with Environment variable Falcon is: Falcon
2020-07-28 20:03:53 INFO  TestNGEngineForDesiredSuites:51 - INFO: The value found with Environment Module variable sample is: sample
2020-07-28 20:03:53 INFO  TestNGEngineForDesiredSuites:51 - The value found with Environment variable WIN_10_chrome_84 is: WIN_10_chrome_84
2020-07-28 20:03:53 INFO  TestNGEngineForDesiredSuites:51 - INFO: Clients Found: [Falcon]

2020-07-28 20:03:53 INFO  TestNGEngineForDesiredSuites:51 - INFO: Modules Selected: [sample]

2020-07-28 20:03:53 INFO  TestNGEngineForDesiredSuites:51 - INFO: New Suite Created with name: Falcon-Sample-WIN_10_chrome_84
2020-07-28 20:03:53 INFO  TestNGEngineForDesiredSuites:51 - <?xml version="1.0" encoding="UTF-8"?>
<!DOCTYPE suite SYSTEM "http://testng.org/testng-1.0.dtd">
<suite name="Falcon-Sample-WIN_10_chrome_84">
  <parameter name="os" value="WIN"/>
  <parameter name="osVersion" value="10"/>
  <parameter name="browser" value="chrome"/>
  <parameter name="browserVersion" value="84"/>
  <test thread-count="5" name="SampleTest">
    <classes>
      <class name="com.atmecs.falcon.falcon_ui_test.testscript.NsmAnchorTest"/>
    </classes>
  </test> <!-- SampleTest -->
</suite> <!-- Falcon-Sample-WIN_10_chrome_84 -->

2020-07-28 20:07:06 INFO  TestNGEngineForDesiredSuites:51 - INFO: The value found with Environment variable Falcon is: Falcon
2020-07-28 20:07:06 INFO  TestNGEngineForDesiredSuites:51 - INFO: The value found with Environment Module variable sample is: sample
2020-07-28 20:07:06 INFO  TestNGEngineForDesiredSuites:51 - The value found with Environment variable WIN_10_chrome_84 is: WIN_10_chrome_84
2020-07-28 20:07:06 INFO  TestNGEngineForDesiredSuites:51 - INFO: Clients Found: [Falcon]

2020-07-28 20:07:06 INFO  TestNGEngineForDesiredSuites:51 - INFO: Modules Selected: [sample]

2020-07-28 20:07:06 INFO  TestNGEngineForDesiredSuites:51 - INFO: New Suite Created with name: Falcon-Sample-WIN_10_chrome_84
2020-07-28 20:07:06 INFO  TestNGEngineForDesiredSuites:51 - <?xml version="1.0" encoding="UTF-8"?>
<!DOCTYPE suite SYSTEM "http://testng.org/testng-1.0.dtd">
<suite name="Falcon-Sample-WIN_10_chrome_84">
  <parameter name="os" value="WIN"/>
  <parameter name="osVersion" value="10"/>
  <parameter name="browser" value="chrome"/>
  <parameter name="browserVersion" value="84"/>
  <test thread-count="5" name="SampleTest">
    <classes>
      <class name="com.atmecs.falcon.falcon_ui_test.testscript.NsmAnchorTest"/>
    </classes>
  </test> <!-- SampleTest -->
</suite> <!-- Falcon-Sample-WIN_10_chrome_84 -->

2020-07-28 20:09:00 INFO  TestNGEngineForDesiredSuites:51 - INFO: The value found with Environment variable Falcon is: Falcon
2020-07-28 20:09:00 INFO  TestNGEngineForDesiredSuites:51 - INFO: The value found with Environment Module variable sample is: sample
2020-07-28 20:09:00 INFO  TestNGEngineForDesiredSuites:51 - The value found with Environment variable WIN_10_chrome_84 is: WIN_10_chrome_84
2020-07-28 20:09:00 INFO  TestNGEngineForDesiredSuites:51 - INFO: Clients Found: [Falcon]

2020-07-28 20:09:00 INFO  TestNGEngineForDesiredSuites:51 - INFO: Modules Selected: [sample]

2020-07-28 20:09:00 INFO  TestNGEngineForDesiredSuites:51 - INFO: New Suite Created with name: Falcon-Sample-WIN_10_chrome_84
2020-07-28 20:09:00 INFO  TestNGEngineForDesiredSuites:51 - <?xml version="1.0" encoding="UTF-8"?>
<!DOCTYPE suite SYSTEM "http://testng.org/testng-1.0.dtd">
<suite name="Falcon-Sample-WIN_10_chrome_84">
  <parameter name="os" value="WIN"/>
  <parameter name="osVersion" value="10"/>
  <parameter name="browser" value="chrome"/>
  <parameter name="browserVersion" value="84"/>
  <test thread-count="5" name="SampleTest">
    <classes>
      <class name="com.atmecs.falcon.falcon_ui_test.testscript.NsmAnchorTest"/>
    </classes>
  </test> <!-- SampleTest -->
</suite> <!-- Falcon-Sample-WIN_10_chrome_84 -->

2020-07-28 20:12:22 INFO  TestNGEngineForDesiredSuites:51 - INFO: The value found with Environment variable Falcon is: Falcon
2020-07-28 20:12:22 INFO  TestNGEngineForDesiredSuites:51 - INFO: The value found with Environment Module variable sample is: sample
2020-07-28 20:12:22 INFO  TestNGEngineForDesiredSuites:51 - The value found with Environment variable WIN_10_chrome_84 is: WIN_10_chrome_84
2020-07-28 20:12:22 INFO  TestNGEngineForDesiredSuites:51 - INFO: Clients Found: [Falcon]

2020-07-28 20:12:22 INFO  TestNGEngineForDesiredSuites:51 - INFO: Modules Selected: [sample]

2020-07-28 20:12:22 INFO  TestNGEngineForDesiredSuites:51 - INFO: New Suite Created with name: Falcon-Sample-WIN_10_chrome_84
2020-07-28 20:12:22 INFO  TestNGEngineForDesiredSuites:51 - <?xml version="1.0" encoding="UTF-8"?>
<!DOCTYPE suite SYSTEM "http://testng.org/testng-1.0.dtd">
<suite name="Falcon-Sample-WIN_10_chrome_84">
  <parameter name="os" value="WIN"/>
  <parameter name="osVersion" value="10"/>
  <parameter name="browser" value="chrome"/>
  <parameter name="browserVersion" value="84"/>
  <test thread-count="5" name="SampleTest">
    <classes>
      <class name="com.atmecs.falcon.falcon_ui_test.testscript.NsmAnchorTest"/>
    </classes>
  </test> <!-- SampleTest -->
</suite> <!-- Falcon-Sample-WIN_10_chrome_84 -->

2020-07-28 20:15:31 INFO  TestNGEngineForDesiredSuites:51 - INFO: The value found with Environment variable Falcon is: Falcon
2020-07-28 20:15:31 INFO  TestNGEngineForDesiredSuites:51 - INFO: The value found with Environment Module variable sample is: sample
2020-07-28 20:15:31 INFO  TestNGEngineForDesiredSuites:51 - The value found with Environment variable WIN_10_chrome_84 is: WIN_10_chrome_84
2020-07-28 20:15:31 INFO  TestNGEngineForDesiredSuites:51 - INFO: Clients Found: [Falcon]

2020-07-28 20:15:31 INFO  TestNGEngineForDesiredSuites:51 - INFO: Modules Selected: [sample]

2020-07-28 20:15:31 INFO  TestNGEngineForDesiredSuites:51 - INFO: New Suite Created with name: Falcon-Sample-WIN_10_chrome_84
2020-07-28 20:15:31 INFO  TestNGEngineForDesiredSuites:51 - <?xml version="1.0" encoding="UTF-8"?>
<!DOCTYPE suite SYSTEM "http://testng.org/testng-1.0.dtd">
<suite name="Falcon-Sample-WIN_10_chrome_84">
  <parameter name="os" value="WIN"/>
  <parameter name="osVersion" value="10"/>
  <parameter name="browser" value="chrome"/>
  <parameter name="browserVersion" value="84"/>
  <test thread-count="5" name="SampleTest">
    <classes>
      <class name="com.atmecs.falcon.falcon_ui_test.testscript.NsmAnchorTest"/>
    </classes>
  </test> <!-- SampleTest -->
</suite> <!-- Falcon-Sample-WIN_10_chrome_84 -->

2020-07-29 11:35:55 INFO  TestNGEngineForDesiredSuites:51 - INFO: The value found with Environment variable Falcon is: Falcon
2020-07-29 11:35:55 INFO  TestNGEngineForDesiredSuites:51 - INFO: The value found with Environment Module variable sample is: sample
2020-07-29 11:35:55 INFO  TestNGEngineForDesiredSuites:51 - The value found with Environment variable WIN_10_chrome_84 is: WIN_10_chrome_84
2020-07-29 11:35:56 INFO  TestNGEngineForDesiredSuites:51 - INFO: Clients Found: [Falcon]

2020-07-29 11:35:56 INFO  TestNGEngineForDesiredSuites:51 - INFO: Modules Selected: [sample]

2020-07-29 11:35:56 INFO  TestNGEngineForDesiredSuites:51 - INFO: New Suite Created with name: Falcon-Sample-WIN_10_chrome_84
2020-07-29 11:35:56 INFO  TestNGEngineForDesiredSuites:51 - <?xml version="1.0" encoding="UTF-8"?>
<!DOCTYPE suite SYSTEM "http://testng.org/testng-1.0.dtd">
<suite name="Falcon-Sample-WIN_10_chrome_84">
  <parameter name="os" value="WIN"/>
  <parameter name="osVersion" value="10"/>
  <parameter name="browser" value="chrome"/>
  <parameter name="browserVersion" value="84"/>
  <test thread-count="5" name="SampleTest">
    <classes>
      <class name="com.atmecs.falcon.falcon_ui_test.testscript.NsmAnchorTest"/>
    </classes>
  </test> <!-- SampleTest -->
</suite> <!-- Falcon-Sample-WIN_10_chrome_84 -->

2020-07-29 11:43:57 INFO  TestNGEngineForDesiredSuites:51 - INFO: The value found with Environment variable Falcon is: Falcon
2020-07-29 11:43:57 INFO  TestNGEngineForDesiredSuites:51 - INFO: The value found with Environment Module variable sample is: sample
2020-07-29 11:43:57 INFO  TestNGEngineForDesiredSuites:51 - The value found with Environment variable WIN_10_chrome_84 is: WIN_10_chrome_84
2020-07-29 11:43:57 INFO  TestNGEngineForDesiredSuites:51 - INFO: Clients Found: [Falcon]

2020-07-29 11:43:57 INFO  TestNGEngineForDesiredSuites:51 - INFO: Modules Selected: [sample]

2020-07-29 11:43:57 INFO  TestNGEngineForDesiredSuites:51 - INFO: New Suite Created with name: Falcon-Sample-WIN_10_chrome_84
2020-07-29 11:43:57 INFO  TestNGEngineForDesiredSuites:51 - <?xml version="1.0" encoding="UTF-8"?>
<!DOCTYPE suite SYSTEM "http://testng.org/testng-1.0.dtd">
<suite name="Falcon-Sample-WIN_10_chrome_84">
  <parameter name="os" value="WIN"/>
  <parameter name="osVersion" value="10"/>
  <parameter name="browser" value="chrome"/>
  <parameter name="browserVersion" value="84"/>
  <test thread-count="5" name="SampleTest">
    <classes>
      <class name="com.atmecs.falcon.falcon_ui_test.testscript.NsmContactUsTest"/>
    </classes>
  </test> <!-- SampleTest -->
</suite> <!-- Falcon-Sample-WIN_10_chrome_84 -->

2020-07-29 11:53:03 INFO  TestNGEngineForDesiredSuites:51 - INFO: The value found with Environment variable Falcon is: Falcon
2020-07-29 11:53:03 INFO  TestNGEngineForDesiredSuites:51 - INFO: The value found with Environment Module variable sample is: sample
2020-07-29 11:53:03 INFO  TestNGEngineForDesiredSuites:51 - The value found with Environment variable WIN_10_chrome_84 is: WIN_10_chrome_84
2020-07-29 11:53:03 INFO  TestNGEngineForDesiredSuites:51 - INFO: Clients Found: [Falcon]

2020-07-29 11:53:03 INFO  TestNGEngineForDesiredSuites:51 - INFO: Modules Selected: [sample]

2020-07-29 11:53:03 INFO  TestNGEngineForDesiredSuites:51 - INFO: New Suite Created with name: Falcon-Sample-WIN_10_chrome_84
2020-07-29 11:53:03 INFO  TestNGEngineForDesiredSuites:51 - <?xml version="1.0" encoding="UTF-8"?>
<!DOCTYPE suite SYSTEM "http://testng.org/testng-1.0.dtd">
<suite name="Falcon-Sample-WIN_10_chrome_84">
  <parameter name="os" value="WIN"/>
  <parameter name="osVersion" value="10"/>
  <parameter name="browser" value="chrome"/>
  <parameter name="browserVersion" value="84"/>
  <test thread-count="5" name="SampleTest">
    <classes>
      <class name="com.atmecs.falcon.falcon_ui_test.testscript.NsmContactUsTest"/>
    </classes>
  </test> <!-- SampleTest -->
</suite> <!-- Falcon-Sample-WIN_10_chrome_84 -->

2020-07-29 11:55:16 INFO  TestNGEngineForDesiredSuites:51 - INFO: The value found with Environment variable Falcon is: Falcon
2020-07-29 11:55:16 INFO  TestNGEngineForDesiredSuites:51 - INFO: The value found with Environment Module variable sample is: sample
2020-07-29 11:55:16 INFO  TestNGEngineForDesiredSuites:51 - The value found with Environment variable WIN_10_chrome_84 is: WIN_10_chrome_84
2020-07-29 11:55:16 INFO  TestNGEngineForDesiredSuites:51 - INFO: Clients Found: [Falcon]

2020-07-29 11:55:16 INFO  TestNGEngineForDesiredSuites:51 - INFO: Modules Selected: [sample]

2020-07-29 11:55:16 INFO  TestNGEngineForDesiredSuites:51 - INFO: New Suite Created with name: Falcon-Sample-WIN_10_chrome_84
2020-07-29 11:55:16 INFO  TestNGEngineForDesiredSuites:51 - <?xml version="1.0" encoding="UTF-8"?>
<!DOCTYPE suite SYSTEM "http://testng.org/testng-1.0.dtd">
<suite name="Falcon-Sample-WIN_10_chrome_84">
  <parameter name="os" value="WIN"/>
  <parameter name="osVersion" value="10"/>
  <parameter name="browser" value="chrome"/>
  <parameter name="browserVersion" value="84"/>
  <test thread-count="5" name="SampleTest">
    <classes>
      <class name="com.atmecs.falcon.falcon_ui_test.testscript.NsmContactUsTest"/>
    </classes>
  </test> <!-- SampleTest -->
</suite> <!-- Falcon-Sample-WIN_10_chrome_84 -->

2020-07-29 12:02:08 INFO  TestNGEngineForDesiredSuites:51 - INFO: The value found with Environment variable Falcon is: Falcon
2020-07-29 12:02:08 INFO  TestNGEngineForDesiredSuites:51 - INFO: The value found with Environment Module variable sample is: sample
2020-07-29 12:02:08 INFO  TestNGEngineForDesiredSuites:51 - The value found with Environment variable WIN_10_chrome_84 is: WIN_10_chrome_84
2020-07-29 12:02:09 INFO  TestNGEngineForDesiredSuites:51 - INFO: Clients Found: [Falcon]

2020-07-29 12:02:09 INFO  TestNGEngineForDesiredSuites:51 - INFO: Modules Selected: [sample]

2020-07-29 12:02:09 INFO  TestNGEngineForDesiredSuites:51 - INFO: New Suite Created with name: Falcon-Sample-WIN_10_chrome_84
2020-07-29 12:02:09 INFO  TestNGEngineForDesiredSuites:51 - <?xml version="1.0" encoding="UTF-8"?>
<!DOCTYPE suite SYSTEM "http://testng.org/testng-1.0.dtd">
<suite name="Falcon-Sample-WIN_10_chrome_84">
  <parameter name="os" value="WIN"/>
  <parameter name="osVersion" value="10"/>
  <parameter name="browser" value="chrome"/>
  <parameter name="browserVersion" value="84"/>
  <test thread-count="5" name="SampleTest">
    <classes>
      <class name="com.atmecs.falcon.falcon_ui_test.testscript.NsmContactUsTest"/>
    </classes>
  </test> <!-- SampleTest -->
</suite> <!-- Falcon-Sample-WIN_10_chrome_84 -->

2020-07-29 12:03:47 INFO  TestNGEngineForDesiredSuites:51 - INFO: The value found with Environment variable Falcon is: Falcon
2020-07-29 12:03:47 INFO  TestNGEngineForDesiredSuites:51 - INFO: The value found with Environment Module variable sample is: sample
2020-07-29 12:03:47 INFO  TestNGEngineForDesiredSuites:51 - The value found with Environment variable WIN_10_chrome_84 is: WIN_10_chrome_84
2020-07-29 12:03:47 INFO  TestNGEngineForDesiredSuites:51 - INFO: Clients Found: [Falcon]

2020-07-29 12:03:47 INFO  TestNGEngineForDesiredSuites:51 - INFO: Modules Selected: [sample]

2020-07-29 12:03:47 INFO  TestNGEngineForDesiredSuites:51 - INFO: New Suite Created with name: Falcon-Sample-WIN_10_chrome_84
2020-07-29 12:03:47 INFO  TestNGEngineForDesiredSuites:51 - <?xml version="1.0" encoding="UTF-8"?>
<!DOCTYPE suite SYSTEM "http://testng.org/testng-1.0.dtd">
<suite name="Falcon-Sample-WIN_10_chrome_84">
  <parameter name="os" value="WIN"/>
  <parameter name="osVersion" value="10"/>
  <parameter name="browser" value="chrome"/>
  <parameter name="browserVersion" value="84"/>
  <test thread-count="5" name="SampleTest">
    <classes>
      <class name="com.atmecs.falcon.falcon_ui_test.testscript.NsmContactUsTest"/>
    </classes>
  </test> <!-- SampleTest -->
</suite> <!-- Falcon-Sample-WIN_10_chrome_84 -->

2020-07-29 12:05:26 INFO  TestNGEngineForDesiredSuites:51 - INFO: The value found with Environment variable Falcon is: Falcon
2020-07-29 12:05:26 INFO  TestNGEngineForDesiredSuites:51 - INFO: The value found with Environment Module variable sample is: sample
2020-07-29 12:05:26 INFO  TestNGEngineForDesiredSuites:51 - The value found with Environment variable WIN_10_chrome_84 is: WIN_10_chrome_84
2020-07-29 12:05:26 INFO  TestNGEngineForDesiredSuites:51 - INFO: Clients Found: [Falcon]

2020-07-29 12:05:26 INFO  TestNGEngineForDesiredSuites:51 - INFO: Modules Selected: [sample]

2020-07-29 12:05:26 INFO  TestNGEngineForDesiredSuites:51 - INFO: New Suite Created with name: Falcon-Sample-WIN_10_chrome_84
2020-07-29 12:05:26 INFO  TestNGEngineForDesiredSuites:51 - <?xml version="1.0" encoding="UTF-8"?>
<!DOCTYPE suite SYSTEM "http://testng.org/testng-1.0.dtd">
<suite name="Falcon-Sample-WIN_10_chrome_84">
  <parameter name="os" value="WIN"/>
  <parameter name="osVersion" value="10"/>
  <parameter name="browser" value="chrome"/>
  <parameter name="browserVersion" value="84"/>
  <test thread-count="5" name="SampleTest">
    <classes>
      <class name="com.atmecs.falcon.falcon_ui_test.testscript.NsmContactUsTest"/>
    </classes>
  </test> <!-- SampleTest -->
</suite> <!-- Falcon-Sample-WIN_10_chrome_84 -->

2020-07-29 12:19:44 INFO  TestNGEngineForDesiredSuites:51 - INFO: The value found with Environment variable Falcon is: Falcon
2020-07-29 12:19:44 INFO  TestNGEngineForDesiredSuites:51 - INFO: The value found with Environment Module variable sample is: sample
2020-07-29 12:19:44 INFO  TestNGEngineForDesiredSuites:51 - The value found with Environment variable WIN_10_chrome_84 is: WIN_10_chrome_84
2020-07-29 12:19:44 INFO  TestNGEngineForDesiredSuites:51 - INFO: Clients Found: [Falcon]

2020-07-29 12:19:44 INFO  TestNGEngineForDesiredSuites:51 - INFO: Modules Selected: [sample]

2020-07-29 12:19:44 INFO  TestNGEngineForDesiredSuites:51 - INFO: New Suite Created with name: Falcon-Sample-WIN_10_chrome_84
2020-07-29 12:19:44 INFO  TestNGEngineForDesiredSuites:51 - <?xml version="1.0" encoding="UTF-8"?>
<!DOCTYPE suite SYSTEM "http://testng.org/testng-1.0.dtd">
<suite name="Falcon-Sample-WIN_10_chrome_84">
  <parameter name="os" value="WIN"/>
  <parameter name="osVersion" value="10"/>
  <parameter name="browser" value="chrome"/>
  <parameter name="browserVersion" value="84"/>
  <test thread-count="5" name="SampleTest">
    <classes>
      <class name="com.atmecs.falcon.falcon_ui_test.testscript.NsmContactUsTest"/>
    </classes>
  </test> <!-- SampleTest -->
</suite> <!-- Falcon-Sample-WIN_10_chrome_84 -->

2020-07-31 13:14:18 INFO  TestNGEngineForDesiredSuites:51 - INFO: The value found with Environment variable Falcon is: Falcon
2020-07-31 13:14:18 INFO  TestNGEngineForDesiredSuites:51 - INFO: The value found with Environment Module variable sample is: sample
2020-07-31 13:14:18 INFO  TestNGEngineForDesiredSuites:51 - The value found with Environment variable WIN_10_chrome_84 is: WIN_10_chrome_84
2020-07-31 13:14:19 INFO  TestNGEngineForDesiredSuites:51 - INFO: Clients Found: [Falcon]

2020-07-31 13:14:19 INFO  TestNGEngineForDesiredSuites:51 - INFO: Modules Selected: [sample]

2020-07-31 13:14:19 INFO  TestNGEngineForDesiredSuites:51 - INFO: New Suite Created with name: Falcon-Sample-WIN_10_chrome_84
2020-07-31 13:14:19 INFO  TestNGEngineForDesiredSuites:51 - <?xml version="1.0" encoding="UTF-8"?>
<!DOCTYPE suite SYSTEM "http://testng.org/testng-1.0.dtd">
<suite name="Falcon-Sample-WIN_10_chrome_84">
  <parameter name="os" value="WIN"/>
  <parameter name="osVersion" value="10"/>
  <parameter name="browser" value="chrome"/>
  <parameter name="browserVersion" value="84"/>
  <test thread-count="5" name="SampleTest">
    <classes>
      <class name="com.atmecs.falcon.falcon_ui_test.testscript.NsmContactUsTest"/>
    </classes>
  </test> <!-- SampleTest -->
</suite> <!-- Falcon-Sample-WIN_10_chrome_84 -->

2020-07-31 13:16:42 INFO  TestNGEngineForDesiredSuites:51 - INFO: The value found with Environment variable Falcon is: Falcon
2020-07-31 13:16:42 INFO  TestNGEngineForDesiredSuites:51 - INFO: The value found with Environment Module variable sample is: sample
2020-07-31 13:16:42 INFO  TestNGEngineForDesiredSuites:51 - The value found with Environment variable WIN_10_chrome_84 is: WIN_10_chrome_84
2020-07-31 13:16:42 INFO  TestNGEngineForDesiredSuites:51 - INFO: Clients Found: [Falcon]

2020-07-31 13:16:42 INFO  TestNGEngineForDesiredSuites:51 - INFO: Modules Selected: [sample]

2020-07-31 13:16:42 INFO  TestNGEngineForDesiredSuites:51 - INFO: New Suite Created with name: Falcon-Sample-WIN_10_chrome_84
2020-07-31 13:16:42 INFO  TestNGEngineForDesiredSuites:51 - <?xml version="1.0" encoding="UTF-8"?>
<!DOCTYPE suite SYSTEM "http://testng.org/testng-1.0.dtd">
<suite name="Falcon-Sample-WIN_10_chrome_84">
  <parameter name="os" value="WIN"/>
  <parameter name="osVersion" value="10"/>
  <parameter name="browser" value="chrome"/>
  <parameter name="browserVersion" value="84"/>
  <test thread-count="5" name="SampleTest">
    <classes>
      <class name="com.atmecs.falcon.falcon_ui_test.testscript.NsmContactUsTest"/>
    </classes>
  </test> <!-- SampleTest -->
</suite> <!-- Falcon-Sample-WIN_10_chrome_84 -->

2020-07-31 13:21:12 INFO  TestNGEngineForDesiredSuites:51 - INFO: The value found with Environment variable Falcon is: Falcon
2020-07-31 13:21:12 INFO  TestNGEngineForDesiredSuites:51 - INFO: The value found with Environment Module variable sample is: sample
2020-07-31 13:21:12 INFO  TestNGEngineForDesiredSuites:51 - The value found with Environment variable WIN_10_chrome_84 is: WIN_10_chrome_84
2020-07-31 13:21:12 INFO  TestNGEngineForDesiredSuites:51 - INFO: Clients Found: [Falcon]

2020-07-31 13:21:12 INFO  TestNGEngineForDesiredSuites:51 - INFO: Modules Selected: [sample]

2020-07-31 13:21:12 INFO  TestNGEngineForDesiredSuites:51 - INFO: New Suite Created with name: Falcon-Sample-WIN_10_chrome_84
2020-07-31 13:21:12 INFO  TestNGEngineForDesiredSuites:51 - <?xml version="1.0" encoding="UTF-8"?>
<!DOCTYPE suite SYSTEM "http://testng.org/testng-1.0.dtd">
<suite name="Falcon-Sample-WIN_10_chrome_84">
  <parameter name="os" value="WIN"/>
  <parameter name="osVersion" value="10"/>
  <parameter name="browser" value="chrome"/>
  <parameter name="browserVersion" value="84"/>
  <test thread-count="5" name="SampleTest">
    <classes>
      <class name="com.atmecs.falcon.falcon_ui_test.testscript.NsmContactUsTest"/>
    </classes>
  </test> <!-- SampleTest -->
</suite> <!-- Falcon-Sample-WIN_10_chrome_84 -->

2020-07-31 13:22:46 INFO  TestNGEngineForDesiredSuites:51 - INFO: The value found with Environment variable Falcon is: Falcon
2020-07-31 13:22:46 INFO  TestNGEngineForDesiredSuites:51 - INFO: The value found with Environment Module variable sample is: sample
2020-07-31 13:22:46 INFO  TestNGEngineForDesiredSuites:51 - The value found with Environment variable WIN_10_chrome_84 is: WIN_10_chrome_84
2020-07-31 13:22:46 INFO  TestNGEngineForDesiredSuites:51 - INFO: Clients Found: [Falcon]

2020-07-31 13:22:46 INFO  TestNGEngineForDesiredSuites:51 - INFO: Modules Selected: [sample]

2020-07-31 13:22:46 INFO  TestNGEngineForDesiredSuites:51 - INFO: New Suite Created with name: Falcon-Sample-WIN_10_chrome_84
2020-07-31 13:22:46 INFO  TestNGEngineForDesiredSuites:51 - <?xml version="1.0" encoding="UTF-8"?>
<!DOCTYPE suite SYSTEM "http://testng.org/testng-1.0.dtd">
<suite name="Falcon-Sample-WIN_10_chrome_84">
  <parameter name="os" value="WIN"/>
  <parameter name="osVersion" value="10"/>
  <parameter name="browser" value="chrome"/>
  <parameter name="browserVersion" value="84"/>
  <test thread-count="5" name="SampleTest">
    <classes>
      <class name="com.atmecs.falcon.falcon_ui_test.testscript.NsmContactUsTest"/>
    </classes>
  </test> <!-- SampleTest -->
</suite> <!-- Falcon-Sample-WIN_10_chrome_84 -->

2020-07-31 13:25:42 INFO  TestNGEngineForDesiredSuites:51 - INFO: The value found with Environment variable Falcon is: Falcon
2020-07-31 13:25:42 INFO  TestNGEngineForDesiredSuites:51 - INFO: The value found with Environment Module variable sample is: sample
2020-07-31 13:25:42 INFO  TestNGEngineForDesiredSuites:51 - The value found with Environment variable WIN_10_chrome_84 is: WIN_10_chrome_84
2020-07-31 13:25:42 INFO  TestNGEngineForDesiredSuites:51 - INFO: Clients Found: [Falcon]

2020-07-31 13:25:42 INFO  TestNGEngineForDesiredSuites:51 - INFO: Modules Selected: [sample]

2020-07-31 13:25:42 INFO  TestNGEngineForDesiredSuites:51 - INFO: New Suite Created with name: Falcon-Sample-WIN_10_chrome_84
2020-07-31 13:25:42 INFO  TestNGEngineForDesiredSuites:51 - <?xml version="1.0" encoding="UTF-8"?>
<!DOCTYPE suite SYSTEM "http://testng.org/testng-1.0.dtd">
<suite name="Falcon-Sample-WIN_10_chrome_84">
  <parameter name="os" value="WIN"/>
  <parameter name="osVersion" value="10"/>
  <parameter name="browser" value="chrome"/>
  <parameter name="browserVersion" value="84"/>
  <test thread-count="5" name="SampleTest">
    <classes>
      <class name="com.atmecs.falcon.falcon_ui_test.testscript.NsmContactUsTest"/>
    </classes>
  </test> <!-- SampleTest -->
</suite> <!-- Falcon-Sample-WIN_10_chrome_84 -->

2020-07-31 14:32:56 INFO  TestNGEngineForDesiredSuites:51 - INFO: The value found with Environment variable Falcon is: Falcon
2020-07-31 14:32:56 INFO  TestNGEngineForDesiredSuites:51 - INFO: The value found with Environment Module variable sample is: sample
2020-07-31 14:32:56 INFO  TestNGEngineForDesiredSuites:51 - The value found with Environment variable WIN_10_chrome_84 is: WIN_10_chrome_84
2020-07-31 14:32:57 INFO  TestNGEngineForDesiredSuites:51 - INFO: Clients Found: [Falcon]

2020-07-31 14:32:57 INFO  TestNGEngineForDesiredSuites:51 - INFO: Modules Selected: [sample]

2020-07-31 14:32:57 INFO  TestNGEngineForDesiredSuites:51 - INFO: New Suite Created with name: Falcon-Sample-WIN_10_chrome_84
2020-07-31 14:32:57 INFO  TestNGEngineForDesiredSuites:51 - <?xml version="1.0" encoding="UTF-8"?>
<!DOCTYPE suite SYSTEM "http://testng.org/testng-1.0.dtd">
<suite name="Falcon-Sample-WIN_10_chrome_84">
  <parameter name="os" value="WIN"/>
  <parameter name="osVersion" value="10"/>
  <parameter name="browser" value="chrome"/>
  <parameter name="browserVersion" value="84"/>
  <test thread-count="5" name="SampleTest">
    <classes>
      <class name="com.atmecs.falcon.falcon_ui_test.testscript.NsmContactUsTest"/>
    </classes>
  </test> <!-- SampleTest -->
</suite> <!-- Falcon-Sample-WIN_10_chrome_84 -->

2020-07-31 18:31:58 INFO  TestNGEngineForDesiredSuites:51 - INFO: The value found with Environment variable Falcon is: Falcon
2020-07-31 18:31:58 INFO  TestNGEngineForDesiredSuites:51 - INFO: The value found with Environment Module variable sample is: sample
2020-07-31 18:31:58 INFO  TestNGEngineForDesiredSuites:51 - The value found with Environment variable WIN_10_chrome_84 is: WIN_10_chrome_84
2020-07-31 18:31:59 INFO  TestNGEngineForDesiredSuites:51 - INFO: Clients Found: [Falcon]

2020-07-31 18:31:59 INFO  TestNGEngineForDesiredSuites:51 - INFO: Modules Selected: [sample]

2020-07-31 18:31:59 INFO  TestNGEngineForDesiredSuites:51 - INFO: New Suite Created with name: Falcon-Sample-WIN_10_chrome_84
2020-07-31 18:31:59 INFO  TestNGEngineForDesiredSuites:51 - <?xml version="1.0" encoding="UTF-8"?>
<!DOCTYPE suite SYSTEM "http://testng.org/testng-1.0.dtd">
<suite name="Falcon-Sample-WIN_10_chrome_84">
  <parameter name="os" value="WIN"/>
  <parameter name="osVersion" value="10"/>
  <parameter name="browser" value="chrome"/>
  <parameter name="browserVersion" value="84"/>
  <test thread-count="5" name="SampleTest">
    <classes>
      <class name="com.atmecs.falcon.falcon_ui_test.testscript.NsmContactUsTest"/>
    </classes>
  </test> <!-- SampleTest -->
</suite> <!-- Falcon-Sample-WIN_10_chrome_84 -->

2020-07-31 18:33:37 INFO  TestNGEngineForDesiredSuites:51 - INFO: The value found with Environment variable Falcon is: Falcon
2020-07-31 18:33:37 INFO  TestNGEngineForDesiredSuites:51 - INFO: The value found with Environment Module variable sample is: sample
2020-07-31 18:33:37 INFO  TestNGEngineForDesiredSuites:51 - The value found with Environment variable WIN_10_chrome_84 is: WIN_10_chrome_84
2020-07-31 18:33:38 INFO  TestNGEngineForDesiredSuites:51 - INFO: Clients Found: [Falcon]

2020-07-31 18:33:38 INFO  TestNGEngineForDesiredSuites:51 - INFO: Modules Selected: [sample]

2020-07-31 18:33:38 INFO  TestNGEngineForDesiredSuites:51 - INFO: New Suite Created with name: Falcon-Sample-WIN_10_chrome_84
2020-07-31 18:33:38 INFO  TestNGEngineForDesiredSuites:51 - <?xml version="1.0" encoding="UTF-8"?>
<!DOCTYPE suite SYSTEM "http://testng.org/testng-1.0.dtd">
<suite name="Falcon-Sample-WIN_10_chrome_84">
  <parameter name="os" value="WIN"/>
  <parameter name="osVersion" value="10"/>
  <parameter name="browser" value="chrome"/>
  <parameter name="browserVersion" value="84"/>
  <test thread-count="5" name="SampleTest">
    <classes>
      <class name="com.atmecs.falcon.falcon_ui_test.testscript.NsmContactUsTest"/>
    </classes>
  </test> <!-- SampleTest -->
</suite> <!-- Falcon-Sample-WIN_10_chrome_84 -->

2020-07-31 21:25:14 INFO  TestNGEngineForDesiredSuites:51 - INFO: The value found with Environment variable Falcon is: Falcon
2020-07-31 21:25:14 INFO  TestNGEngineForDesiredSuites:51 - INFO: The value found with Environment Module variable sample is: sample
2020-07-31 21:25:14 INFO  TestNGEngineForDesiredSuites:51 - The value found with Environment variable WIN_10_chrome_84 is: WIN_10_chrome_84
2020-07-31 21:25:16 INFO  TestNGEngineForDesiredSuites:51 - INFO: Clients Found: [Falcon]

2020-07-31 21:25:16 INFO  TestNGEngineForDesiredSuites:51 - INFO: Modules Selected: [sample]

2020-07-31 21:25:16 INFO  TestNGEngineForDesiredSuites:51 - INFO: New Suite Created with name: Falcon-Sample-WIN_10_chrome_84
2020-07-31 21:25:16 INFO  TestNGEngineForDesiredSuites:51 - <?xml version="1.0" encoding="UTF-8"?>
<!DOCTYPE suite SYSTEM "http://testng.org/testng-1.0.dtd">
<suite name="Falcon-Sample-WIN_10_chrome_84">
  <parameter name="os" value="WIN"/>
  <parameter name="osVersion" value="10"/>
  <parameter name="browser" value="chrome"/>
  <parameter name="browserVersion" value="84"/>
  <test thread-count="5" name="SampleTest">
    <classes>
      <class name="com.atmecs.falcon.falcon_ui_test.testscript.NsmContactUsTest"/>
    </classes>
  </test> <!-- SampleTest -->
</suite> <!-- Falcon-Sample-WIN_10_chrome_84 -->

2020-08-04 19:00:04 INFO  TestNGEngineForDesiredSuites:51 - INFO: The value found with Environment variable Falcon is: Falcon
2020-08-04 19:00:04 INFO  TestNGEngineForDesiredSuites:51 - INFO: The value found with Environment Module variable sample is: sample
2020-08-04 19:00:04 INFO  TestNGEngineForDesiredSuites:51 - The value found with Environment variable WIN_10_chrome_84 is: WIN_10_chrome_84
2020-08-04 19:00:05 INFO  TestNGEngineForDesiredSuites:51 - INFO: Clients Found: [Falcon]

2020-08-04 19:00:05 INFO  TestNGEngineForDesiredSuites:51 - INFO: Modules Selected: [sample]

2020-08-04 19:00:05 INFO  TestNGEngineForDesiredSuites:51 - INFO: New Suite Created with name: Falcon-Sample-WIN_10_chrome_84
2020-08-04 19:00:05 INFO  TestNGEngineForDesiredSuites:51 - <?xml version="1.0" encoding="UTF-8"?>
<!DOCTYPE suite SYSTEM "http://testng.org/testng-1.0.dtd">
<suite name="Falcon-Sample-WIN_10_chrome_84">
  <parameter name="os" value="WIN"/>
  <parameter name="osVersion" value="10"/>
  <parameter name="browser" value="chrome"/>
  <parameter name="browserVersion" value="84"/>
  <test thread-count="5" name="SampleTest">
    <classes>
      <class name="com.atmecs.falcon.falcon_ui_test.testscript.AtmecsContactUsTest"/>
    </classes>
  </test> <!-- SampleTest -->
</suite> <!-- Falcon-Sample-WIN_10_chrome_84 -->

2020-08-04 19:02:53 INFO  TestNGEngineForDesiredSuites:51 - INFO: The value found with Environment variable Falcon is: Falcon
2020-08-04 19:02:53 INFO  TestNGEngineForDesiredSuites:51 - INFO: The value found with Environment Module variable sample is: sample
2020-08-04 19:02:53 INFO  TestNGEngineForDesiredSuites:51 - The value found with Environment variable WIN_10_chrome_84 is: WIN_10_chrome_84
2020-08-04 19:02:54 INFO  TestNGEngineForDesiredSuites:51 - INFO: Clients Found: [Falcon]

2020-08-04 19:02:54 INFO  TestNGEngineForDesiredSuites:51 - INFO: Modules Selected: [sample]

2020-08-04 19:02:54 INFO  TestNGEngineForDesiredSuites:51 - INFO: New Suite Created with name: Falcon-Sample-WIN_10_chrome_84
2020-08-04 19:02:54 INFO  TestNGEngineForDesiredSuites:51 - <?xml version="1.0" encoding="UTF-8"?>
<!DOCTYPE suite SYSTEM "http://testng.org/testng-1.0.dtd">
<suite name="Falcon-Sample-WIN_10_chrome_84">
  <parameter name="os" value="WIN"/>
  <parameter name="osVersion" value="10"/>
  <parameter name="browser" value="chrome"/>
  <parameter name="browserVersion" value="84"/>
  <test thread-count="5" name="SampleTest">
    <classes>
      <class name="com.atmecs.falcon.falcon_ui_test.testscript.AtmecsContactUsTest"/>
    </classes>
  </test> <!-- SampleTest -->
</suite> <!-- Falcon-Sample-WIN_10_chrome_84 -->

2020-08-04 19:04:28 INFO  TestNGEngineForDesiredSuites:51 - INFO: The value found with Environment variable Falcon is: Falcon
2020-08-04 19:04:28 INFO  TestNGEngineForDesiredSuites:51 - INFO: The value found with Environment Module variable sample is: sample
2020-08-04 19:04:28 INFO  TestNGEngineForDesiredSuites:51 - The value found with Environment variable WIN_10_chrome_84 is: WIN_10_chrome_84
2020-08-04 19:04:28 INFO  TestNGEngineForDesiredSuites:51 - INFO: Clients Found: [Falcon]

2020-08-04 19:04:28 INFO  TestNGEngineForDesiredSuites:51 - INFO: Modules Selected: [sample]

2020-08-04 19:04:28 INFO  TestNGEngineForDesiredSuites:51 - INFO: New Suite Created with name: Falcon-Sample-WIN_10_chrome_84
2020-08-04 19:04:28 INFO  TestNGEngineForDesiredSuites:51 - <?xml version="1.0" encoding="UTF-8"?>
<!DOCTYPE suite SYSTEM "http://testng.org/testng-1.0.dtd">
<suite name="Falcon-Sample-WIN_10_chrome_84">
  <parameter name="os" value="WIN"/>
  <parameter name="osVersion" value="10"/>
  <parameter name="browser" value="chrome"/>
  <parameter name="browserVersion" value="84"/>
  <test thread-count="5" name="SampleTest">
    <classes>
      <class name="com.atmecs.falcon.falcon_ui_test.testscript.AtmecsContactUsTest"/>
    </classes>
  </test> <!-- SampleTest -->
</suite> <!-- Falcon-Sample-WIN_10_chrome_84 -->

2020-08-04 19:18:29 INFO  TestNGEngineForDesiredSuites:51 - INFO: The value found with Environment variable Falcon is: Falcon
2020-08-04 19:18:29 INFO  TestNGEngineForDesiredSuites:51 - INFO: The value found with Environment Module variable sample is: sample
2020-08-04 19:18:29 INFO  TestNGEngineForDesiredSuites:51 - The value found with Environment variable WIN_10_chrome_84 is: WIN_10_chrome_84
2020-08-04 19:18:29 INFO  TestNGEngineForDesiredSuites:51 - INFO: Clients Found: [Falcon]

2020-08-04 19:18:29 INFO  TestNGEngineForDesiredSuites:51 - INFO: Modules Selected: [sample]

2020-08-04 19:18:29 INFO  TestNGEngineForDesiredSuites:51 - INFO: New Suite Created with name: Falcon-Sample-WIN_10_chrome_84
2020-08-04 19:18:29 INFO  TestNGEngineForDesiredSuites:51 - <?xml version="1.0" encoding="UTF-8"?>
<!DOCTYPE suite SYSTEM "http://testng.org/testng-1.0.dtd">
<suite name="Falcon-Sample-WIN_10_chrome_84">
  <parameter name="os" value="WIN"/>
  <parameter name="osVersion" value="10"/>
  <parameter name="browser" value="chrome"/>
  <parameter name="browserVersion" value="84"/>
  <test thread-count="5" name="SampleTest">
    <classes>
      <class name="com.atmecs.falcon.falcon_ui_test.testscript.AtmecsContactUsTest"/>
    </classes>
  </test> <!-- SampleTest -->
</suite> <!-- Falcon-Sample-WIN_10_chrome_84 -->

2020-08-04 19:29:23 INFO  TestNGEngineForDesiredSuites:51 - INFO: The value found with Environment variable Falcon is: Falcon
2020-08-04 19:29:23 INFO  TestNGEngineForDesiredSuites:51 - INFO: The value found with Environment Module variable contactus is: contactus
2020-08-04 19:29:23 INFO  TestNGEngineForDesiredSuites:51 - The value found with Environment variable WIN_10_chrome_84 is: WIN_10_chrome_84
2020-08-04 19:29:23 INFO  TestNGEngineForDesiredSuites:51 - INFO: Clients Found: [Falcon]

2020-08-04 19:29:23 INFO  TestNGEngineForDesiredSuites:51 - INFO: Modules Selected: [contactus]

2020-08-04 19:29:23 INFO  TestNGEngineForDesiredSuites:51 - INFO: New Suite Created with name: Falcon-Sample-WIN_10_chrome_84
2020-08-04 19:29:23 INFO  TestNGEngineForDesiredSuites:51 - <?xml version="1.0" encoding="UTF-8"?>
<!DOCTYPE suite SYSTEM "http://testng.org/testng-1.0.dtd">
<suite name="Falcon-Sample-WIN_10_chrome_84">
  <parameter name="os" value="WIN"/>
  <parameter name="osVersion" value="10"/>
  <parameter name="browser" value="chrome"/>
  <parameter name="browserVersion" value="84"/>
  <test thread-count="5" name="SampleTest">
    <classes>
      <class name="com.atmecs.falcon.falcon_ui_test.testscript.AtmecsContactUsTest"/>
    </classes>
  </test> <!-- SampleTest -->
</suite> <!-- Falcon-Sample-WIN_10_chrome_84 -->

2020-08-04 19:30:08 INFO  TestNGEngineForDesiredSuites:51 - INFO: The value found with Environment variable Falcon is: Falcon
2020-08-04 19:30:08 INFO  TestNGEngineForDesiredSuites:51 - INFO: The value found with Environment Module variable googlesearch is: googlesearch
2020-08-04 19:30:08 INFO  TestNGEngineForDesiredSuites:51 - The value found with Environment variable WIN_10_chrome_84 is: WIN_10_chrome_84
2020-08-04 19:30:09 INFO  TestNGEngineForDesiredSuites:51 - INFO: Clients Found: [Falcon]

2020-08-04 19:30:09 INFO  TestNGEngineForDesiredSuites:51 - INFO: Modules Selected: [googlesearch]

2020-08-04 19:30:09 INFO  TestNGEngineForDesiredSuites:51 - INFO: New Suite Created with name: Falcon-Sample-WIN_10_chrome_84
2020-08-04 19:30:09 INFO  TestNGEngineForDesiredSuites:51 - <?xml version="1.0" encoding="UTF-8"?>
<!DOCTYPE suite SYSTEM "http://testng.org/testng-1.0.dtd">
<suite name="Falcon-Sample-WIN_10_chrome_84">
  <parameter name="os" value="WIN"/>
  <parameter name="osVersion" value="10"/>
  <parameter name="browser" value="chrome"/>
  <parameter name="browserVersion" value="84"/>
  <test thread-count="5" name="SampleTest">
    <classes>
      <class name="com.atmecs.falcon.falcon_ui_test.testscript.SampleTestScript"/>
    </classes>
  </test> <!-- SampleTest -->
</suite> <!-- Falcon-Sample-WIN_10_chrome_84 -->

2020-08-04 19:34:52 INFO  TestNGEngineForDesiredSuites:51 - INFO: The value found with Environment variable Falcon is: Falcon
2020-08-04 19:34:52 INFO  TestNGEngineForDesiredSuites:51 - INFO: The value found with Environment Module variable googlesearch is: googlesearch
2020-08-04 19:34:52 INFO  TestNGEngineForDesiredSuites:51 - The value found with Environment variable WIN_10_chrome_84 is: WIN_10_chrome_84
2020-08-04 19:34:52 INFO  TestNGEngineForDesiredSuites:51 - INFO: Clients Found: [Falcon]

2020-08-04 19:34:52 INFO  TestNGEngineForDesiredSuites:51 - INFO: Modules Selected: [googlesearch]

2020-08-04 19:34:52 INFO  TestNGEngineForDesiredSuites:51 - INFO: New Suite Created with name: Falcon-Sample-WIN_10_chrome_84
2020-08-04 19:34:52 INFO  TestNGEngineForDesiredSuites:51 - <?xml version="1.0" encoding="UTF-8"?>
<!DOCTYPE suite SYSTEM "http://testng.org/testng-1.0.dtd">
<suite name="Falcon-Sample-WIN_10_chrome_84">
  <parameter name="os" value="WIN"/>
  <parameter name="osVersion" value="10"/>
  <parameter name="browser" value="chrome"/>
  <parameter name="browserVersion" value="84"/>
  <test thread-count="5" name="SampleTest">
    <classes>
      <class name="com.atmecs.falcon.falcon_ui_test.testscript.SampleTestScript"/>
    </classes>
  </test> <!-- SampleTest -->
</suite> <!-- Falcon-Sample-WIN_10_chrome_84 -->

2020-08-04 19:35:47 INFO  TestNGEngineForDesiredSuites:51 - INFO: The value found with Environment variable Falcon is: Falcon
2020-08-04 19:35:47 INFO  TestNGEngineForDesiredSuites:51 - INFO: The value found with Environment Module variable contactus is: contactus
2020-08-04 19:35:47 INFO  TestNGEngineForDesiredSuites:51 - The value found with Environment variable WIN_10_chrome_84 is: WIN_10_chrome_84
2020-08-04 19:35:47 INFO  TestNGEngineForDesiredSuites:51 - INFO: Clients Found: [Falcon]

2020-08-04 19:35:47 INFO  TestNGEngineForDesiredSuites:51 - INFO: Modules Selected: [contactus]

2020-08-04 19:35:47 INFO  TestNGEngineForDesiredSuites:51 - INFO: New Suite Created with name: Falcon-Sample-WIN_10_chrome_84
2020-08-04 19:35:47 INFO  TestNGEngineForDesiredSuites:51 - <?xml version="1.0" encoding="UTF-8"?>
<!DOCTYPE suite SYSTEM "http://testng.org/testng-1.0.dtd">
<suite name="Falcon-Sample-WIN_10_chrome_84">
  <parameter name="os" value="WIN"/>
  <parameter name="osVersion" value="10"/>
  <parameter name="browser" value="chrome"/>
  <parameter name="browserVersion" value="84"/>
  <test thread-count="5" name="SampleTest">
    <classes>
      <class name="com.atmecs.falcon.falcon_ui_test.testscript.AtmecsContactUsTest"/>
    </classes>
  </test> <!-- SampleTest -->
</suite> <!-- Falcon-Sample-WIN_10_chrome_84 -->

2020-08-04 19:36:48 INFO  TestNGEngineForDesiredSuites:51 - INFO: The value found with Environment variable Falcon is: Falcon
2020-08-04 19:36:48 INFO  TestNGEngineForDesiredSuites:51 - INFO: The value found with Environment Module variable contactus,googlesearch is: contactus,googlesearch
2020-08-04 19:36:48 INFO  TestNGEngineForDesiredSuites:51 - The value found with Environment variable WIN_10_chrome_84 is: WIN_10_chrome_84
2020-08-04 19:36:48 INFO  TestNGEngineForDesiredSuites:51 - INFO: Clients Found: [Falcon]

2020-08-04 19:36:48 INFO  TestNGEngineForDesiredSuites:51 - INFO: Modules Selected: [contactus, googlesearch]

2020-08-04 19:36:48 INFO  TestNGEngineForDesiredSuites:51 - INFO: New Suite Created with name: Falcon-Sample-WIN_10_chrome_84
2020-08-04 19:36:48 INFO  TestNGEngineForDesiredSuites:51 - <?xml version="1.0" encoding="UTF-8"?>
<!DOCTYPE suite SYSTEM "http://testng.org/testng-1.0.dtd">
<suite name="Falcon-Sample-WIN_10_chrome_84">
  <parameter name="os" value="WIN"/>
  <parameter name="osVersion" value="10"/>
  <parameter name="browser" value="chrome"/>
  <parameter name="browserVersion" value="84"/>
  <test thread-count="5" name="SampleTest">
    <classes>
      <class name="com.atmecs.falcon.falcon_ui_test.testscript.SampleTestScript"/>
    </classes>
  </test> <!-- SampleTest -->
</suite> <!-- Falcon-Sample-WIN_10_chrome_84 -->

2020-08-04 19:36:48 INFO  TestNGEngineForDesiredSuites:51 - INFO: New Suite Created with name: Falcon-Sample-WIN_10_chrome_84
2020-08-04 19:36:48 INFO  TestNGEngineForDesiredSuites:51 - <?xml version="1.0" encoding="UTF-8"?>
<!DOCTYPE suite SYSTEM "http://testng.org/testng-1.0.dtd">
<suite name="Falcon-Sample-WIN_10_chrome_84">
  <parameter name="os" value="WIN"/>
  <parameter name="osVersion" value="10"/>
  <parameter name="browser" value="chrome"/>
  <parameter name="browserVersion" value="84"/>
  <test thread-count="5" name="SampleTest">
    <classes>
      <class name="com.atmecs.falcon.falcon_ui_test.testscript.AtmecsContactUsTest"/>
    </classes>
  </test> <!-- SampleTest -->
</suite> <!-- Falcon-Sample-WIN_10_chrome_84 -->

2021-03-31 14:02:53 INFO  TestNGRunner:51 - Test Results are not uploading to JIRA. If you want to upload please set value of key 'jira.testresults' to 'true' in config.properties
2021-03-31 14:02:53 INFO  TestNGEngineForDesiredSuites:51 - INFO: The value found with Environment variable Falcon is: Falcon
2021-03-31 14:02:53 INFO  TestNGEngineForDesiredSuites:51 - INFO: The value found with Environment Module variable googlesearch is: googlesearch
2021-03-31 14:02:53 INFO  TestNGEngineForDesiredSuites:51 - The value found with Environment variable MAC_catalina_chrome_89 is: MAC_catalina_chrome_89
2021-03-31 14:02:53 INFO  TestNGEngineForDesiredSuites:51 - INFO: Clients Found: [Falcon]

2021-03-31 14:02:53 INFO  TestNGEngineForDesiredSuites:51 - INFO: Modules Selected: [googlesearch]

2021-03-31 14:02:53 INFO  TestNGEngineForDesiredSuites:51 - INFO: New Suite Created with name: Falcon-Sample-MAC_catalina_chrome_89
2021-03-31 14:02:53 INFO  TestNGEngineForDesiredSuites:51 - <?xml version="1.0" encoding="UTF-8"?>
<!DOCTYPE suite SYSTEM "http://testng.org/testng-1.0.dtd">
<suite name="Falcon-Sample-MAC_catalina_chrome_89">
  <parameter name="os" value="MAC"/>
  <parameter name="osVersion" value="catalina"/>
  <parameter name="browser" value="chrome"/>
  <parameter name="browserVersion" value="89"/>
  <test thread-count="5" name="SampleTest">
    <classes>
      <class name="com.qa.DDI_Project1.testscript.SampleTestScript"/>
    </classes>
  </test> <!-- SampleTest -->
</suite> <!-- Falcon-Sample-MAC_catalina_chrome_89 -->

2021-03-31 14:02:53 INFO  SlackReportListener:51 - Please enable slack integration for sending notification to slack channel. Set 'slack.enable=true' for getting test results on your slack channel
2021-03-31 14:02:53 ERROR TestNGRunner:89 - Results are not uploaded because uploadResults flag is set to false
2021-03-31 14:15:38 INFO  TestNGRunner:51 - Test Results are not uploading to JIRA. If you want to upload please set value of key 'jira.testresults' to 'true' in config.properties
2021-03-31 14:15:38 INFO  TestNGEngineForDesiredSuites:51 - INFO: The value found with Environment variable Falcon is: Falcon
2021-03-31 14:15:38 INFO  TestNGEngineForDesiredSuites:51 - INFO: The value found with Environment Module variable googlesearch is: googlesearch
2021-03-31 14:15:38 INFO  TestNGEngineForDesiredSuites:51 - The value found with Environment variable MAC_catalina_chrome_89 is: MAC_catalina_chrome_89
2021-03-31 14:15:38 INFO  TestNGEngineForDesiredSuites:51 - INFO: Clients Found: [Falcon]

2021-03-31 14:15:38 INFO  TestNGEngineForDesiredSuites:51 - INFO: Modules Selected: [googlesearch]

2021-03-31 14:15:38 INFO  TestNGEngineForDesiredSuites:51 - INFO: New Suite Created with name: Falcon-Sample-MAC_catalina_chrome_89
2021-03-31 14:15:38 INFO  TestNGEngineForDesiredSuites:51 - <?xml version="1.0" encoding="UTF-8"?>
<!DOCTYPE suite SYSTEM "http://testng.org/testng-1.0.dtd">
<suite name="Falcon-Sample-MAC_catalina_chrome_89">
  <parameter name="os" value="MAC"/>
  <parameter name="osVersion" value="catalina"/>
  <parameter name="browser" value="chrome"/>
  <parameter name="browserVersion" value="89"/>
  <test thread-count="5" name="SampleTest">
    <classes>
      <class name="com.qa.DDI_Project1.testscript.SampleTestScript"/>
    </classes>
  </test> <!-- SampleTest -->
</suite> <!-- Falcon-Sample-MAC_catalina_chrome_89 -->

2021-03-31 14:15:39 ERROR TestNGRunner:89 - Results are not uploaded because uploadResults flag is set to false
2021-03-31 14:17:38 INFO  TestNGRunner:51 - Test Results are not uploading to JIRA. If you want to upload please set value of key 'jira.testresults' to 'true' in config.properties
2021-03-31 14:17:38 INFO  TestNGEngineForDesiredSuites:51 - INFO: The value found with Environment variable Falcon is: Falcon
2021-03-31 14:17:38 INFO  TestNGEngineForDesiredSuites:51 - INFO: The value found with Environment Module variable contactus is: contactus
2021-03-31 14:17:38 INFO  TestNGEngineForDesiredSuites:51 - The value found with Environment variable WIN_10_chrome_84 is: WIN_10_chrome_84
2021-03-31 14:17:38 INFO  TestNGEngineForDesiredSuites:51 - INFO: Clients Found: [Falcon]

2021-03-31 14:17:38 INFO  TestNGEngineForDesiredSuites:51 - INFO: Modules Selected: [contactus]

2021-03-31 14:17:38 INFO  TestNGEngineForDesiredSuites:51 - INFO: New Suite Created with name: Falcon-Sample-WIN_10_chrome_84
2021-03-31 14:17:38 INFO  TestNGEngineForDesiredSuites:51 - <?xml version="1.0" encoding="UTF-8"?>
<!DOCTYPE suite SYSTEM "http://testng.org/testng-1.0.dtd">
<suite name="Falcon-Sample-WIN_10_chrome_84">
  <parameter name="os" value="WIN"/>
  <parameter name="osVersion" value="10"/>
  <parameter name="browser" value="chrome"/>
  <parameter name="browserVersion" value="84"/>
  <test thread-count="5" name="SampleTest">
    <classes>
      <class name="com.qa.DDI_Project1.testscript.AtmecsContactUsTest"/>
    </classes>
  </test> <!-- SampleTest -->
</suite> <!-- Falcon-Sample-WIN_10_chrome_84 -->

2021-03-31 14:18:56 INFO  TestNGRunner:51 - Test Results are not uploading to JIRA. If you want to upload please set value of key 'jira.testresults' to 'true' in config.properties
2021-03-31 14:18:56 INFO  TestNGEngineForDesiredSuites:51 - INFO: The value found with Environment variable Falcon is: Falcon
2021-03-31 14:18:56 INFO  TestNGEngineForDesiredSuites:51 - INFO: The value found with Environment Module variable googlesearch is: googlesearch
2021-03-31 14:18:56 INFO  TestNGEngineForDesiredSuites:51 - The value found with Environment variable WIN_10_chrome_84 is: WIN_10_chrome_84
2021-03-31 14:18:56 INFO  TestNGEngineForDesiredSuites:51 - INFO: Clients Found: [Falcon]

2021-03-31 14:18:56 INFO  TestNGEngineForDesiredSuites:51 - INFO: Modules Selected: [googlesearch]

2021-03-31 14:18:56 INFO  TestNGEngineForDesiredSuites:51 - INFO: New Suite Created with name: Falcon-Sample-WIN_10_chrome_84
2021-03-31 14:18:56 INFO  TestNGEngineForDesiredSuites:51 - <?xml version="1.0" encoding="UTF-8"?>
<!DOCTYPE suite SYSTEM "http://testng.org/testng-1.0.dtd">
<suite name="Falcon-Sample-WIN_10_chrome_84">
  <parameter name="os" value="WIN"/>
  <parameter name="osVersion" value="10"/>
  <parameter name="browser" value="chrome"/>
  <parameter name="browserVersion" value="84"/>
  <test thread-count="5" name="SampleTest">
    <classes>
      <class name="com.qa.DDI_Project1.testscript.SampleTestScript"/>
    </classes>
  </test> <!-- SampleTest -->
</suite> <!-- Falcon-Sample-WIN_10_chrome_84 -->

2021-03-31 14:18:56 ERROR TestNGRunner:89 - Results are not uploaded because uploadResults flag is set to false
2021-03-31 14:23:05 INFO  TestNGRunner:51 - Test Results are not uploading to JIRA. If you want to upload please set value of key 'jira.testresults' to 'true' in config.properties
2021-03-31 14:23:05 INFO  TestNGEngineForDesiredSuites:51 - INFO: The value found with Environment variable Falcon is: Falcon
2021-03-31 14:23:05 INFO  TestNGEngineForDesiredSuites:51 - INFO: The value found with Environment Module variable googlesearch is: googlesearch
2021-03-31 14:23:05 INFO  TestNGEngineForDesiredSuites:51 - The value found with Environment variable WIN_10_chrome_89 is: WIN_10_chrome_89
2021-03-31 14:23:05 INFO  TestNGEngineForDesiredSuites:51 - INFO: Clients Found: [Falcon]

2021-03-31 14:23:05 INFO  TestNGEngineForDesiredSuites:51 - INFO: Modules Selected: [googlesearch]

2021-03-31 14:23:05 INFO  TestNGEngineForDesiredSuites:51 - INFO: New Suite Created with name: Falcon-Sample-WIN_10_chrome_89
2021-03-31 14:23:05 INFO  TestNGEngineForDesiredSuites:51 - <?xml version="1.0" encoding="UTF-8"?>
<!DOCTYPE suite SYSTEM "http://testng.org/testng-1.0.dtd">
<suite name="Falcon-Sample-WIN_10_chrome_89">
  <parameter name="os" value="WIN"/>
  <parameter name="osVersion" value="10"/>
  <parameter name="browser" value="chrome"/>
  <parameter name="browserVersion" value="89"/>
  <test thread-count="5" name="SampleTest">
    <classes>
      <class name="com.qa.DDI_Project1.testscript.SampleTestScript"/>
    </classes>
  </test> <!-- SampleTest -->
</suite> <!-- Falcon-Sample-WIN_10_chrome_89 -->

2021-03-31 14:23:05 ERROR TestNGRunner:89 - Results are not uploaded because uploadResults flag is set to false
2021-03-31 14:23:31 INFO  TestNGRunner:51 - Test Results are not uploading to JIRA. If you want to upload please set value of key 'jira.testresults' to 'true' in config.properties
2021-03-31 14:23:31 INFO  TestNGEngineForDesiredSuites:51 - INFO: The value found with Environment variable Falcon is: Falcon
2021-03-31 14:23:31 INFO  TestNGEngineForDesiredSuites:51 - INFO: The value found with Environment Module variable googlesearch is: googlesearch
2021-03-31 14:23:31 INFO  TestNGEngineForDesiredSuites:51 - The value found with Environment variable WIN_10_chrome_84 is: WIN_10_chrome_84
2021-03-31 14:23:31 INFO  TestNGEngineForDesiredSuites:51 - INFO: Clients Found: [Falcon]

2021-03-31 14:23:31 INFO  TestNGEngineForDesiredSuites:51 - INFO: Modules Selected: [googlesearch]

2021-03-31 14:23:31 INFO  TestNGEngineForDesiredSuites:51 - INFO: New Suite Created with name: Falcon-Sample-WIN_10_chrome_84
2021-03-31 14:23:31 INFO  TestNGEngineForDesiredSuites:51 - <?xml version="1.0" encoding="UTF-8"?>
<!DOCTYPE suite SYSTEM "http://testng.org/testng-1.0.dtd">
<suite name="Falcon-Sample-WIN_10_chrome_84">
  <parameter name="os" value="WIN"/>
  <parameter name="osVersion" value="10"/>
  <parameter name="browser" value="chrome"/>
  <parameter name="browserVersion" value="84"/>
  <test thread-count="5" name="SampleTest">
    <classes>
      <class name="com.qa.DDI_Project1.testscript.SampleTestScript"/>
    </classes>
  </test> <!-- SampleTest -->
</suite> <!-- Falcon-Sample-WIN_10_chrome_84 -->

2021-03-31 14:23:31 ERROR TestNGRunner:89 - Results are not uploaded because uploadResults flag is set to false
2021-03-31 14:24:09 INFO  TestNGRunner:51 - Test Results are not uploading to JIRA. If you want to upload please set value of key 'jira.testresults' to 'true' in config.properties
2021-03-31 14:24:09 INFO  TestNGEngineForDesiredSuites:51 - INFO: The value found with Environment variable Falcon is: Falcon
2021-03-31 14:24:09 INFO  TestNGEngineForDesiredSuites:51 - INFO: The value found with Environment Module variable googlesearch is: googlesearch
2021-03-31 14:24:09 INFO  TestNGEngineForDesiredSuites:51 - The value found with Environment variable WIN_10_chrome_84 is: WIN_10_chrome_84
2021-03-31 14:24:09 INFO  TestNGEngineForDesiredSuites:51 - INFO: Clients Found: [Falcon]

2021-03-31 14:24:09 INFO  TestNGEngineForDesiredSuites:51 - INFO: Modules Selected: [googlesearch]

2021-03-31 14:24:09 INFO  TestNGEngineForDesiredSuites:51 - INFO: New Suite Created with name: Falcon-Sample-WIN_10_chrome_84
2021-03-31 14:24:09 INFO  TestNGEngineForDesiredSuites:51 - <?xml version="1.0" encoding="UTF-8"?>
<!DOCTYPE suite SYSTEM "http://testng.org/testng-1.0.dtd">
<suite name="Falcon-Sample-WIN_10_chrome_84">
  <parameter name="os" value="WIN"/>
  <parameter name="osVersion" value="10"/>
  <parameter name="browser" value="chrome"/>
  <parameter name="browserVersion" value="84"/>
  <test thread-count="5" name="SampleTest">
    <classes>
      <class name="com.qa.DDI_Project1.testscript.SampleTestScript"/>
    </classes>
  </test> <!-- SampleTest -->
</suite> <!-- Falcon-Sample-WIN_10_chrome_84 -->

2021-03-31 14:24:10 ERROR TestNGRunner:89 - Results are not uploaded because uploadResults flag is set to false
2021-03-31 14:27:01 INFO  TestNGRunner:51 - Test Results are not uploading to JIRA. If you want to upload please set value of key 'jira.testresults' to 'true' in config.properties
2021-03-31 14:27:01 INFO  TestNGEngineForDesiredSuites:51 - INFO: The value found with Environment variable Falcon is: Falcon
2021-03-31 14:27:01 INFO  TestNGEngineForDesiredSuites:51 - INFO: The value found with Environment Module variable googlesearch is: googlesearch
2021-03-31 14:27:01 INFO  TestNGEngineForDesiredSuites:51 - The value found with Environment variable WIN_10_chrome_84 is: WIN_10_chrome_84
2021-03-31 14:27:01 INFO  TestNGEngineForDesiredSuites:51 - INFO: Clients Found: [Falcon]

2021-03-31 14:27:01 INFO  TestNGEngineForDesiredSuites:51 - INFO: Modules Selected: [googlesearch]

2021-03-31 14:27:01 INFO  TestNGEngineForDesiredSuites:51 - INFO: New Suite Created with name: Falcon-Sample-WIN_10_chrome_84
2021-03-31 14:27:01 INFO  TestNGEngineForDesiredSuites:51 - <?xml version="1.0" encoding="UTF-8"?>
<!DOCTYPE suite SYSTEM "http://testng.org/testng-1.0.dtd">
<suite name="Falcon-Sample-WIN_10_chrome_84">
  <parameter name="os" value="WIN"/>
  <parameter name="osVersion" value="10"/>
  <parameter name="browser" value="chrome"/>
  <parameter name="browserVersion" value="84"/>
  <test thread-count="5" name="SampleTest">
    <classes>
      <class name="com.qa.DDI_Project1.testscript.SampleTestScript"/>
    </classes>
  </test> <!-- SampleTest -->
</suite> <!-- Falcon-Sample-WIN_10_chrome_84 -->

2021-03-31 14:27:01 ERROR TestNGRunner:89 - Results are not uploaded because uploadResults flag is set to false
2021-03-31 14:29:09 INFO  TestNGRunner:51 - Test Results are not uploading to JIRA. If you want to upload please set value of key 'jira.testresults' to 'true' in config.properties
2021-03-31 14:29:09 INFO  TestNGEngineForDesiredSuites:51 - INFO: The value found with Environment variable Falcon is: Falcon
2021-03-31 14:29:09 INFO  TestNGEngineForDesiredSuites:51 - INFO: The value found with Environment Module variable contactus is: contactus
2021-03-31 14:29:09 INFO  TestNGEngineForDesiredSuites:51 - The value found with Environment variable WIN_10_chrome_84 is: WIN_10_chrome_84
2021-03-31 14:29:09 INFO  TestNGEngineForDesiredSuites:51 - INFO: Clients Found: [Falcon]

2021-03-31 14:29:09 INFO  TestNGEngineForDesiredSuites:51 - INFO: Modules Selected: [contactus]

2021-03-31 14:29:09 INFO  TestNGEngineForDesiredSuites:51 - INFO: New Suite Created with name: Falcon-Sample-WIN_10_chrome_84
2021-03-31 14:29:09 INFO  TestNGEngineForDesiredSuites:51 - <?xml version="1.0" encoding="UTF-8"?>
<!DOCTYPE suite SYSTEM "http://testng.org/testng-1.0.dtd">
<suite name="Falcon-Sample-WIN_10_chrome_84">
  <parameter name="os" value="WIN"/>
  <parameter name="osVersion" value="10"/>
  <parameter name="browser" value="chrome"/>
  <parameter name="browserVersion" value="84"/>
  <test thread-count="5" name="SampleTest">
    <classes>
      <class name="com.qa.DDI_Project1.testscript.AtmecsContactUsTest"/>
    </classes>
  </test> <!-- SampleTest -->
</suite> <!-- Falcon-Sample-WIN_10_chrome_84 -->

2021-03-31 14:31:08 INFO  TestNGRunner:51 - Test Results are not uploading to JIRA. If you want to upload please set value of key 'jira.testresults' to 'true' in config.properties
2021-03-31 14:31:08 INFO  TestNGEngineForDesiredSuites:51 - INFO: The value found with Environment variable Falcon is: Falcon
2021-03-31 14:31:08 INFO  TestNGEngineForDesiredSuites:51 - INFO: The value found with Environment Module variable googlesearch is: googlesearch
2021-03-31 14:31:08 INFO  TestNGEngineForDesiredSuites:51 - The value found with Environment variable WIN_10_chrome_84 is: WIN_10_chrome_84
2021-03-31 14:31:08 INFO  TestNGEngineForDesiredSuites:51 - INFO: Clients Found: [Falcon]

2021-03-31 14:31:08 INFO  TestNGEngineForDesiredSuites:51 - INFO: Modules Selected: [googlesearch]

2021-03-31 14:31:08 INFO  TestNGEngineForDesiredSuites:51 - INFO: New Suite Created with name: Falcon-Sample-WIN_10_chrome_84
2021-03-31 14:31:08 INFO  TestNGEngineForDesiredSuites:51 - <?xml version="1.0" encoding="UTF-8"?>
<!DOCTYPE suite SYSTEM "http://testng.org/testng-1.0.dtd">
<suite name="Falcon-Sample-WIN_10_chrome_84">
  <parameter name="os" value="WIN"/>
  <parameter name="osVersion" value="10"/>
  <parameter name="browser" value="chrome"/>
  <parameter name="browserVersion" value="84"/>
  <test thread-count="5" name="SampleTest">
    <classes>
      <class name="com.qa.DDI_Project1.testscript.SampleTestScript"/>
    </classes>
  </test> <!-- SampleTest -->
</suite> <!-- Falcon-Sample-WIN_10_chrome_84 -->

2021-03-31 14:31:08 ERROR TestNGRunner:89 - Results are not uploaded because uploadResults flag is set to false
2021-03-31 14:32:05 INFO  TestNGRunner:51 - Test Results are not uploading to JIRA. If you want to upload please set value of key 'jira.testresults' to 'true' in config.properties
2021-03-31 14:32:05 INFO  TestNGEngineForDesiredSuites:51 - INFO: The value found with Environment variable Falcon is: Falcon
2021-03-31 14:32:05 INFO  TestNGEngineForDesiredSuites:51 - INFO: The value found with Environment Module variable googlesearch is: googlesearch
2021-03-31 14:32:05 INFO  TestNGEngineForDesiredSuites:51 - The value found with Environment variable WIN_10_chrome_84 is: WIN_10_chrome_84
2021-03-31 14:32:05 INFO  TestNGEngineForDesiredSuites:51 - INFO: Clients Found: [Falcon]

2021-03-31 14:32:05 INFO  TestNGEngineForDesiredSuites:51 - INFO: Modules Selected: [googlesearch]

2021-03-31 14:32:05 INFO  TestNGEngineForDesiredSuites:51 - INFO: New Suite Created with name: Falcon-Sample-WIN_10_chrome_84
2021-03-31 14:32:05 INFO  TestNGEngineForDesiredSuites:51 - <?xml version="1.0" encoding="UTF-8"?>
<!DOCTYPE suite SYSTEM "http://testng.org/testng-1.0.dtd">
<suite name="Falcon-Sample-WIN_10_chrome_84">
  <parameter name="os" value="WIN"/>
  <parameter name="osVersion" value="10"/>
  <parameter name="browser" value="chrome"/>
  <parameter name="browserVersion" value="84"/>
  <test thread-count="5" name="SampleTest">
    <classes>
      <class name="com.qa.DDI_Project1.testscript.SampleTestScript"/>
    </classes>
  </test> <!-- SampleTest -->
</suite> <!-- Falcon-Sample-WIN_10_chrome_84 -->

2021-03-31 16:40:31 INFO  TestNGRunner:51 - Test Results are not uploading to JIRA. If you want to upload please set value of key 'jira.testresults' to 'true' in config.properties
2021-03-31 16:40:31 INFO  TestNGEngineForDesiredSuites:51 - INFO: The value found with Environment variable Falcon is: Falcon
2021-03-31 16:40:31 INFO  TestNGEngineForDesiredSuites:51 - INFO: The value found with Environment Module variable googlesearch is: googlesearch
2021-03-31 16:40:31 INFO  TestNGEngineForDesiredSuites:51 - The value found with Environment variable WIN_10_chrome_84 is: WIN_10_chrome_84
2021-03-31 16:40:31 INFO  TestNGEngineForDesiredSuites:51 - INFO: Clients Found: [Falcon]

2021-03-31 16:40:31 INFO  TestNGEngineForDesiredSuites:51 - INFO: Modules Selected: [googlesearch]

2021-03-31 16:40:31 INFO  TestNGEngineForDesiredSuites:51 - INFO: New Suite Created with name: Falcon-Sample-WIN_10_chrome_84
2021-03-31 16:40:31 INFO  TestNGEngineForDesiredSuites:51 - <?xml version="1.0" encoding="UTF-8"?>
<!DOCTYPE suite SYSTEM "http://testng.org/testng-1.0.dtd">
<suite name="Falcon-Sample-WIN_10_chrome_84">
  <parameter name="os" value="WIN"/>
  <parameter name="osVersion" value="10"/>
  <parameter name="browser" value="chrome"/>
  <parameter name="browserVersion" value="84"/>
  <test thread-count="5" name="SampleTest">
    <classes>
      <class name="com.qa.DDI_Project1.testscript.SampleTestScript"/>
    </classes>
  </test> <!-- SampleTest -->
</suite> <!-- Falcon-Sample-WIN_10_chrome_84 -->

2021-03-31 16:56:41 INFO  TestNGRunner:51 - Test Results are not uploading to JIRA. If you want to upload please set value of key 'jira.testresults' to 'true' in config.properties
2021-03-31 16:56:41 INFO  TestNGEngineForDesiredSuites:51 - INFO: The value found with Environment variable Falcon is: Falcon
2021-03-31 16:56:41 INFO  TestNGEngineForDesiredSuites:51 - INFO: The value found with Environment Module variable googlesearch is: googlesearch
2021-03-31 16:56:41 INFO  TestNGEngineForDesiredSuites:51 - The value found with Environment variable WIN_10_chrome_84 is: WIN_10_chrome_84
2021-03-31 16:56:41 DEBUG SimpleXMLErrorHandler:40 - Fatal Error in Parsing XML Doucment. XML is not well formed: The markup declarations contained or pointed to by the document type declaration must be well-formed.
2021-04-06 00:50:41 INFO  TestNGRunner:51 - Test Results are not uploading to JIRA. If you want to upload please set value of key 'jira.testresults' to 'true' in config.properties
2021-04-06 00:50:41 INFO  TestNGEngineForDesiredSuites:51 - INFO: The value found with Environment variable Falcon is: Falcon
2021-04-06 00:50:41 INFO  TestNGEngineForDesiredSuites:51 - INFO: The value found with Environment Module variable googlesearch is: googlesearch
2021-04-06 00:50:41 INFO  TestNGEngineForDesiredSuites:51 - The value found with Environment variable WIN_10_chrome_84 is: WIN_10_chrome_84
2021-04-06 00:50:45 DEBUG SimpleXMLErrorHandler:40 - Fatal Error in Parsing XML Doucment. XML is not well formed: The markup declarations contained or pointed to by the document type declaration must be well-formed.
